2015/06/04 13:05:25 [error] [exception.CException] exception 'CException' with message 'В классе ComandSignUp и его поведениях не найден метод или замыкание с именем "getTableSchema".' in /home/lokirew/public_html/AQProject/framework/base/CComponent.php:266
Stack trace:
#0 /home/lokirew/public_html/AQProject/framework/validators/CUniqueValidator.php(96): CComponent->__call('getTableSchema', Array)
#1 /home/lokirew/public_html/AQProject/framework/validators/CUniqueValidator.php(96): ComandSignUp->getTableSchema()
#2 /home/lokirew/public_html/AQProject/framework/validators/CValidator.php(201): CUniqueValidator->validateAttribute(Object(ComandSignUp), 'username')
#3 /home/lokirew/public_html/AQProject/framework/base/CModel.php(159): CValidator->validate(Object(ComandSignUp), NULL)
#4 /home/lokirew/public_html/AQProject/framework/web/widgets/CActiveForm.php(987): CModel->validate(NULL)
#5 /home/lokirew/public_html/AQProject/protected/controllers/AuthController.php(60): CActiveForm::validate(Object(ComandSignUp))
#6 /home/lokirew/public_html/AQProject/framework/web/actions/CInlineAction.php(49): AuthController->actionSignUp()
#7 /home/lokirew/public_html/AQProject/framework/web/CController.php(308): CInlineAction->runWithParams(Array)
#8 /home/lokirew/public_html/AQProject/framework/web/filters/CFilterChain.php(133): CController->runAction(Object(CInlineAction))
#9 /home/lokirew/public_html/AQProject/framework/web/filters/CFilter.php(40): CFilterChain->run()
#10 /home/lokirew/public_html/AQProject/framework/web/CController.php(1145): CFilter->filter(Object(CFilterChain))
#11 /home/lokirew/public_html/AQProject/framework/web/filters/CInlineFilter.php(58): CController->filterAccessControl(Object(CFilterChain))
#12 /home/lokirew/public_html/AQProject/framework/web/filters/CFilterChain.php(130): CInlineFilter->filter(Object(CFilterChain))
#13 /home/lokirew/public_html/AQProject/framework/web/CController.php(291): CFilterChain->run()
#14 /home/lokirew/public_html/AQProject/framework/web/CController.php(265): CController->runActionWithFilters(Object(CInlineAction), Array)
#15 /home/lokirew/public_html/AQProject/framework/web/CWebApplication.php(282): CController->run('SignUp')
#16 /home/lokirew/public_html/AQProject/framework/web/CWebApplication.php(141): CWebApplication->runController('auth/SignUp')
#17 /home/lokirew/public_html/AQProject/framework/base/CApplication.php(184): CWebApplication->processRequest()
#18 /home/lokirew/public_html/AQProject/index.php(13): CApplication->run()
#19 {main}
REQUEST_URI=/~lokirew/AQProject/index.php?r=auth/SignUp
HTTP_REFERER=http://lokirew/~lokirew/AQProject/index.php?r=auth/SignUp
---
2015/06/04 13:05:32 [error] [exception.CException] exception 'CException' with message 'В классе ComandSignUp и его поведениях не найден метод или замыкание с именем "getTableSchema".' in /home/lokirew/public_html/AQProject/framework/base/CComponent.php:266
Stack trace:
#0 /home/lokirew/public_html/AQProject/framework/validators/CUniqueValidator.php(96): CComponent->__call('getTableSchema', Array)
#1 /home/lokirew/public_html/AQProject/framework/validators/CUniqueValidator.php(96): ComandSignUp->getTableSchema()
#2 /home/lokirew/public_html/AQProject/framework/validators/CValidator.php(201): CUniqueValidator->validateAttribute(Object(ComandSignUp), 'username')
#3 /home/lokirew/public_html/AQProject/framework/base/CModel.php(159): CValidator->validate(Object(ComandSignUp), NULL)
#4 /home/lokirew/public_html/AQProject/framework/web/widgets/CActiveForm.php(987): CModel->validate(NULL)
#5 /home/lokirew/public_html/AQProject/protected/controllers/AuthController.php(60): CActiveForm::validate(Object(ComandSignUp))
#6 /home/lokirew/public_html/AQProject/framework/web/actions/CInlineAction.php(49): AuthController->actionSignUp()
#7 /home/lokirew/public_html/AQProject/framework/web/CController.php(308): CInlineAction->runWithParams(Array)
#8 /home/lokirew/public_html/AQProject/framework/web/filters/CFilterChain.php(133): CController->runAction(Object(CInlineAction))
#9 /home/lokirew/public_html/AQProject/framework/web/filters/CFilter.php(40): CFilterChain->run()
#10 /home/lokirew/public_html/AQProject/framework/web/CController.php(1145): CFilter->filter(Object(CFilterChain))
#11 /home/lokirew/public_html/AQProject/framework/web/filters/CInlineFilter.php(58): CController->filterAccessControl(Object(CFilterChain))
#12 /home/lokirew/public_html/AQProject/framework/web/filters/CFilterChain.php(130): CInlineFilter->filter(Object(CFilterChain))
#13 /home/lokirew/public_html/AQProject/framework/web/CController.php(291): CFilterChain->run()
#14 /home/lokirew/public_html/AQProject/framework/web/CController.php(265): CController->runActionWithFilters(Object(CInlineAction), Array)
#15 /home/lokirew/public_html/AQProject/framework/web/CWebApplication.php(282): CController->run('SignUp')
#16 /home/lokirew/public_html/AQProject/framework/web/CWebApplication.php(141): CWebApplication->runController('auth/SignUp')
#17 /home/lokirew/public_html/AQProject/framework/base/CApplication.php(184): CWebApplication->processRequest()
#18 /home/lokirew/public_html/AQProject/index.php(13): CApplication->run()
#19 {main}
REQUEST_URI=/~lokirew/AQProject/index.php?r=auth/SignUp
HTTP_REFERER=http://lokirew/~lokirew/AQProject/index.php?r=auth/SignUp
---
2015/06/04 13:05:51 [error] [exception.CException] exception 'CException' with message 'В классе ComandSignUp и его поведениях не найден метод или замыкание с именем "getTableSchema".' in /home/lokirew/public_html/AQProject/framework/base/CComponent.php:266
Stack trace:
#0 /home/lokirew/public_html/AQProject/framework/validators/CUniqueValidator.php(96): CComponent->__call('getTableSchema', Array)
#1 /home/lokirew/public_html/AQProject/framework/validators/CUniqueValidator.php(96): ComandSignUp->getTableSchema()
#2 /home/lokirew/public_html/AQProject/framework/validators/CValidator.php(201): CUniqueValidator->validateAttribute(Object(ComandSignUp), 'username')
#3 /home/lokirew/public_html/AQProject/framework/base/CModel.php(159): CValidator->validate(Object(ComandSignUp), NULL)
#4 /home/lokirew/public_html/AQProject/framework/web/widgets/CActiveForm.php(987): CModel->validate(NULL)
#5 /home/lokirew/public_html/AQProject/protected/controllers/AuthController.php(60): CActiveForm::validate(Object(ComandSignUp))
#6 /home/lokirew/public_html/AQProject/framework/web/actions/CInlineAction.php(49): AuthController->actionSignUp()
#7 /home/lokirew/public_html/AQProject/framework/web/CController.php(308): CInlineAction->runWithParams(Array)
#8 /home/lokirew/public_html/AQProject/framework/web/filters/CFilterChain.php(133): CController->runAction(Object(CInlineAction))
#9 /home/lokirew/public_html/AQProject/framework/web/filters/CFilter.php(40): CFilterChain->run()
#10 /home/lokirew/public_html/AQProject/framework/web/CController.php(1145): CFilter->filter(Object(CFilterChain))
#11 /home/lokirew/public_html/AQProject/framework/web/filters/CInlineFilter.php(58): CController->filterAccessControl(Object(CFilterChain))
#12 /home/lokirew/public_html/AQProject/framework/web/filters/CFilterChain.php(130): CInlineFilter->filter(Object(CFilterChain))
#13 /home/lokirew/public_html/AQProject/framework/web/CController.php(291): CFilterChain->run()
#14 /home/lokirew/public_html/AQProject/framework/web/CController.php(265): CController->runActionWithFilters(Object(CInlineAction), Array)
#15 /home/lokirew/public_html/AQProject/framework/web/CWebApplication.php(282): CController->run('SignUp')
#16 /home/lokirew/public_html/AQProject/framework/web/CWebApplication.php(141): CWebApplication->runController('auth/SignUp')
#17 /home/lokirew/public_html/AQProject/framework/base/CApplication.php(184): CWebApplication->processRequest()
#18 /home/lokirew/public_html/AQProject/index.php(13): CApplication->run()
#19 {main}
REQUEST_URI=/~lokirew/AQProject/index.php?r=auth/SignUp
HTTP_REFERER=http://lokirew/~lokirew/AQProject/index.php?r=auth/SignUp
---
2015/06/04 13:06:03 [error] [exception.CException] exception 'CException' with message 'В классе ComandSignUp и его поведениях не найден метод или замыкание с именем "getTableSchema".' in /home/lokirew/public_html/AQProject/framework/base/CComponent.php:266
Stack trace:
#0 /home/lokirew/public_html/AQProject/framework/validators/CUniqueValidator.php(96): CComponent->__call('getTableSchema', Array)
#1 /home/lokirew/public_html/AQProject/framework/validators/CUniqueValidator.php(96): ComandSignUp->getTableSchema()
#2 /home/lokirew/public_html/AQProject/framework/validators/CValidator.php(201): CUniqueValidator->validateAttribute(Object(ComandSignUp), 'username')
#3 /home/lokirew/public_html/AQProject/framework/base/CModel.php(159): CValidator->validate(Object(ComandSignUp), NULL)
#4 /home/lokirew/public_html/AQProject/framework/web/widgets/CActiveForm.php(987): CModel->validate(NULL)
#5 /home/lokirew/public_html/AQProject/protected/controllers/AuthController.php(60): CActiveForm::validate(Object(ComandSignUp))
#6 /home/lokirew/public_html/AQProject/framework/web/actions/CInlineAction.php(49): AuthController->actionSignUp()
#7 /home/lokirew/public_html/AQProject/framework/web/CController.php(308): CInlineAction->runWithParams(Array)
#8 /home/lokirew/public_html/AQProject/framework/web/filters/CFilterChain.php(133): CController->runAction(Object(CInlineAction))
#9 /home/lokirew/public_html/AQProject/framework/web/filters/CFilter.php(40): CFilterChain->run()
#10 /home/lokirew/public_html/AQProject/framework/web/CController.php(1145): CFilter->filter(Object(CFilterChain))
#11 /home/lokirew/public_html/AQProject/framework/web/filters/CInlineFilter.php(58): CController->filterAccessControl(Object(CFilterChain))
#12 /home/lokirew/public_html/AQProject/framework/web/filters/CFilterChain.php(130): CInlineFilter->filter(Object(CFilterChain))
#13 /home/lokirew/public_html/AQProject/framework/web/CController.php(291): CFilterChain->run()
#14 /home/lokirew/public_html/AQProject/framework/web/CController.php(265): CController->runActionWithFilters(Object(CInlineAction), Array)
#15 /home/lokirew/public_html/AQProject/framework/web/CWebApplication.php(282): CController->run('SignUp')
#16 /home/lokirew/public_html/AQProject/framework/web/CWebApplication.php(141): CWebApplication->runController('auth/SignUp')
#17 /home/lokirew/public_html/AQProject/framework/base/CApplication.php(184): CWebApplication->processRequest()
#18 /home/lokirew/public_html/AQProject/index.php(13): CApplication->run()
#19 {main}
REQUEST_URI=/~lokirew/AQProject/index.php?r=auth/SignUp
HTTP_REFERER=http://lokirew/~lokirew/AQProject/index.php?r=auth/SignUp
---
2015/06/04 13:06:06 [error] [exception.CException] exception 'CException' with message 'В классе ComandSignUp и его поведениях не найден метод или замыкание с именем "getTableSchema".' in /home/lokirew/public_html/AQProject/framework/base/CComponent.php:266
Stack trace:
#0 /home/lokirew/public_html/AQProject/framework/validators/CUniqueValidator.php(96): CComponent->__call('getTableSchema', Array)
#1 /home/lokirew/public_html/AQProject/framework/validators/CUniqueValidator.php(96): ComandSignUp->getTableSchema()
#2 /home/lokirew/public_html/AQProject/framework/validators/CValidator.php(201): CUniqueValidator->validateAttribute(Object(ComandSignUp), 'username')
#3 /home/lokirew/public_html/AQProject/framework/base/CModel.php(159): CValidator->validate(Object(ComandSignUp), NULL)
#4 /home/lokirew/public_html/AQProject/framework/web/widgets/CActiveForm.php(987): CModel->validate(NULL)
#5 /home/lokirew/public_html/AQProject/protected/controllers/AuthController.php(60): CActiveForm::validate(Object(ComandSignUp))
#6 /home/lokirew/public_html/AQProject/framework/web/actions/CInlineAction.php(49): AuthController->actionSignUp()
#7 /home/lokirew/public_html/AQProject/framework/web/CController.php(308): CInlineAction->runWithParams(Array)
#8 /home/lokirew/public_html/AQProject/framework/web/filters/CFilterChain.php(133): CController->runAction(Object(CInlineAction))
#9 /home/lokirew/public_html/AQProject/framework/web/filters/CFilter.php(40): CFilterChain->run()
#10 /home/lokirew/public_html/AQProject/framework/web/CController.php(1145): CFilter->filter(Object(CFilterChain))
#11 /home/lokirew/public_html/AQProject/framework/web/filters/CInlineFilter.php(58): CController->filterAccessControl(Object(CFilterChain))
#12 /home/lokirew/public_html/AQProject/framework/web/filters/CFilterChain.php(130): CInlineFilter->filter(Object(CFilterChain))
#13 /home/lokirew/public_html/AQProject/framework/web/CController.php(291): CFilterChain->run()
#14 /home/lokirew/public_html/AQProject/framework/web/CController.php(265): CController->runActionWithFilters(Object(CInlineAction), Array)
#15 /home/lokirew/public_html/AQProject/framework/web/CWebApplication.php(282): CController->run('SignUp')
#16 /home/lokirew/public_html/AQProject/framework/web/CWebApplication.php(141): CWebApplication->runController('auth/SignUp')
#17 /home/lokirew/public_html/AQProject/framework/base/CApplication.php(184): CWebApplication->processRequest()
#18 /home/lokirew/public_html/AQProject/index.php(13): CApplication->run()
#19 {main}
REQUEST_URI=/~lokirew/AQProject/index.php?r=auth/SignUp
HTTP_REFERER=http://lokirew/~lokirew/AQProject/index.php?r=auth/SignUp
---
2015/06/04 13:06:41 [error] [exception.CException] exception 'CException' with message 'В классе ComandSignUp и его поведениях не найден метод или замыкание с именем "getTableSchema".' in /home/lokirew/public_html/AQProject/framework/base/CComponent.php:266
Stack trace:
#0 /home/lokirew/public_html/AQProject/framework/validators/CUniqueValidator.php(96): CComponent->__call('getTableSchema', Array)
#1 /home/lokirew/public_html/AQProject/framework/validators/CUniqueValidator.php(96): ComandSignUp->getTableSchema()
#2 /home/lokirew/public_html/AQProject/framework/validators/CValidator.php(201): CUniqueValidator->validateAttribute(Object(ComandSignUp), 'username')
#3 /home/lokirew/public_html/AQProject/framework/base/CModel.php(159): CValidator->validate(Object(ComandSignUp), NULL)
#4 /home/lokirew/public_html/AQProject/framework/web/widgets/CActiveForm.php(987): CModel->validate(NULL)
#5 /home/lokirew/public_html/AQProject/protected/controllers/AuthController.php(60): CActiveForm::validate(Object(ComandSignUp))
#6 /home/lokirew/public_html/AQProject/framework/web/actions/CInlineAction.php(49): AuthController->actionSignUp()
#7 /home/lokirew/public_html/AQProject/framework/web/CController.php(308): CInlineAction->runWithParams(Array)
#8 /home/lokirew/public_html/AQProject/framework/web/filters/CFilterChain.php(133): CController->runAction(Object(CInlineAction))
#9 /home/lokirew/public_html/AQProject/framework/web/filters/CFilter.php(40): CFilterChain->run()
#10 /home/lokirew/public_html/AQProject/framework/web/CController.php(1145): CFilter->filter(Object(CFilterChain))
#11 /home/lokirew/public_html/AQProject/framework/web/filters/CInlineFilter.php(58): CController->filterAccessControl(Object(CFilterChain))
#12 /home/lokirew/public_html/AQProject/framework/web/filters/CFilterChain.php(130): CInlineFilter->filter(Object(CFilterChain))
#13 /home/lokirew/public_html/AQProject/framework/web/CController.php(291): CFilterChain->run()
#14 /home/lokirew/public_html/AQProject/framework/web/CController.php(265): CController->runActionWithFilters(Object(CInlineAction), Array)
#15 /home/lokirew/public_html/AQProject/framework/web/CWebApplication.php(282): CController->run('SignUp')
#16 /home/lokirew/public_html/AQProject/framework/web/CWebApplication.php(141): CWebApplication->runController('auth/SignUp')
#17 /home/lokirew/public_html/AQProject/framework/base/CApplication.php(184): CWebApplication->processRequest()
#18 /home/lokirew/public_html/AQProject/index.php(13): CApplication->run()
#19 {main}
REQUEST_URI=/~lokirew/AQProject/index.php?r=auth/SignUp
HTTP_REFERER=http://lokirew/~lokirew/AQProject/index.php?r=auth/SignUp
---
2015/06/05 01:20:41 [error] [system.db.CDbCommand] Не удалось выполнить CDbCommand::execute(): SQLSTATE[23000]: Integrity constraint violation: 1062 Duplicate entry '11' for key 'IdTeam'. Выполнявшийся SQL-запрос: INSERT INTO `game` (`NameGame`, `DescriptionGame`, `StartGame`, `FinishGame`, `Comment`, `IdTeam`) VALUES (:yp0, :yp1, :yp2, :yp3, :yp4, :yp5).
in /home/lokirew/public_html/AQProject/protected/controllers/GameController.php (21)
in /home/lokirew/public_html/AQProject/index.php (13)
2015/06/05 01:20:41 [error] [exception.CDbException] exception 'CDbException' with message 'CDbCommand не удалось исполнить SQL-запрос: SQLSTATE[23000]: Integrity constraint violation: 1062 Duplicate entry '11' for key 'IdTeam'. The SQL statement executed was: INSERT INTO `game` (`NameGame`, `DescriptionGame`, `StartGame`, `FinishGame`, `Comment`, `IdTeam`) VALUES (:yp0, :yp1, :yp2, :yp3, :yp4, :yp5)' in /home/lokirew/public_html/AQProject/framework/db/CDbCommand.php:358
Stack trace:
#0 /home/lokirew/public_html/AQProject/framework/db/ar/CActiveRecord.php(1080): CDbCommand->execute()
#1 /home/lokirew/public_html/AQProject/framework/db/ar/CActiveRecord.php(809): CActiveRecord->insert(NULL)
#2 /home/lokirew/public_html/AQProject/protected/controllers/GameController.php(21): CActiveRecord->save()
#3 /home/lokirew/public_html/AQProject/framework/web/actions/CInlineAction.php(49): GameController->actionCreate()
#4 /home/lokirew/public_html/AQProject/framework/web/CController.php(308): CInlineAction->runWithParams(Array)
#5 /home/lokirew/public_html/AQProject/framework/web/CController.php(286): CController->runAction(Object(CInlineAction))
#6 /home/lokirew/public_html/AQProject/framework/web/CController.php(265): CController->runActionWithFilters(Object(CInlineAction), Array)
#7 /home/lokirew/public_html/AQProject/framework/web/CWebApplication.php(282): CController->run('Create')
#8 /home/lokirew/public_html/AQProject/framework/web/CWebApplication.php(141): CWebApplication->runController('game/Create')
#9 /home/lokirew/public_html/AQProject/framework/base/CApplication.php(184): CWebApplication->processRequest()
#10 /home/lokirew/public_html/AQProject/index.php(13): CApplication->run()
#11 {main}
REQUEST_URI=/~lokirew/AQProject/index.php?r=game/Create
HTTP_REFERER=http://lokirew/~lokirew/AQProject/index.php?r=game/Create
---
2015/06/09 02:29:05 [error] [php] Creating default object from empty value (/home/lokirew/public_html/AQProject/protected/controllers/AdminController.php:39)
Stack trace:
#0 /home/lokirew/public_html/AQProject/framework/web/filters/CFilterChain.php(133): AdminController->runAction()
#1 /home/lokirew/public_html/AQProject/framework/web/filters/CFilter.php(40): CFilterChain->run()
#2 /home/lokirew/public_html/AQProject/framework/web/CController.php(1145): CAccessControlFilter->filter()
#3 /home/lokirew/public_html/AQProject/framework/web/filters/CInlineFilter.php(58): AdminController->filterAccessControl()
#4 /home/lokirew/public_html/AQProject/framework/web/filters/CFilterChain.php(130): CInlineFilter->filter()
#5 /home/lokirew/public_html/AQProject/framework/web/CController.php(291): CFilterChain->run()
#6 /home/lokirew/public_html/AQProject/framework/web/CController.php(265): AdminController->runActionWithFilters()
#7 /home/lokirew/public_html/AQProject/framework/web/CWebApplication.php(282): AdminController->run()
#8 /home/lokirew/public_html/AQProject/framework/web/CWebApplication.php(141): CWebApplication->runController()
#9 /home/lokirew/public_html/AQProject/framework/base/CApplication.php(184): CWebApplication->processRequest()
#10 /home/lokirew/public_html/AQProject/index.php(13): CWebApplication->run()
REQUEST_URI=/~lokirew/AQProject/index.php?r=Admin/ChangeId
in /home/lokirew/public_html/AQProject/protected/controllers/AdminController.php (39)
in /home/lokirew/public_html/AQProject/index.php (13)
2015/06/09 02:29:37 [error] [php] Creating default object from empty value (/home/lokirew/public_html/AQProject/protected/controllers/AdminController.php:39)
Stack trace:
#0 /home/lokirew/public_html/AQProject/framework/web/filters/CFilterChain.php(133): AdminController->runAction()
#1 /home/lokirew/public_html/AQProject/framework/web/filters/CFilter.php(40): CFilterChain->run()
#2 /home/lokirew/public_html/AQProject/framework/web/CController.php(1145): CAccessControlFilter->filter()
#3 /home/lokirew/public_html/AQProject/framework/web/filters/CInlineFilter.php(58): AdminController->filterAccessControl()
#4 /home/lokirew/public_html/AQProject/framework/web/filters/CFilterChain.php(130): CInlineFilter->filter()
#5 /home/lokirew/public_html/AQProject/framework/web/CController.php(291): CFilterChain->run()
#6 /home/lokirew/public_html/AQProject/framework/web/CController.php(265): AdminController->runActionWithFilters()
#7 /home/lokirew/public_html/AQProject/framework/web/CWebApplication.php(282): AdminController->run()
#8 /home/lokirew/public_html/AQProject/framework/web/CWebApplication.php(141): CWebApplication->runController()
#9 /home/lokirew/public_html/AQProject/framework/base/CApplication.php(184): CWebApplication->processRequest()
#10 /home/lokirew/public_html/AQProject/index.php(13): CWebApplication->run()
REQUEST_URI=/~lokirew/AQProject/index.php?r=Admin/ChangeId
in /home/lokirew/public_html/AQProject/protected/controllers/AdminController.php (39)
in /home/lokirew/public_html/AQProject/index.php (13)
2015/06/09 02:30:46 [error] [php] Creating default object from empty value (/home/lokirew/public_html/AQProject/protected/controllers/AdminController.php:39)
Stack trace:
#0 /home/lokirew/public_html/AQProject/framework/web/filters/CFilterChain.php(133): AdminController->runAction()
#1 /home/lokirew/public_html/AQProject/framework/web/filters/CFilter.php(40): CFilterChain->run()
#2 /home/lokirew/public_html/AQProject/framework/web/CController.php(1145): CAccessControlFilter->filter()
#3 /home/lokirew/public_html/AQProject/framework/web/filters/CInlineFilter.php(58): AdminController->filterAccessControl()
#4 /home/lokirew/public_html/AQProject/framework/web/filters/CFilterChain.php(130): CInlineFilter->filter()
#5 /home/lokirew/public_html/AQProject/framework/web/CController.php(291): CFilterChain->run()
#6 /home/lokirew/public_html/AQProject/framework/web/CController.php(265): AdminController->runActionWithFilters()
#7 /home/lokirew/public_html/AQProject/framework/web/CWebApplication.php(282): AdminController->run()
#8 /home/lokirew/public_html/AQProject/framework/web/CWebApplication.php(141): CWebApplication->runController()
#9 /home/lokirew/public_html/AQProject/framework/base/CApplication.php(184): CWebApplication->processRequest()
#10 /home/lokirew/public_html/AQProject/index.php(13): CWebApplication->run()
REQUEST_URI=/~lokirew/AQProject/index.php?r=Admin/ChangeId
in /home/lokirew/public_html/AQProject/protected/controllers/AdminController.php (39)
in /home/lokirew/public_html/AQProject/index.php (13)
2015/06/09 02:30:56 [error] [php] Creating default object from empty value (/home/lokirew/public_html/AQProject/protected/controllers/AdminController.php:39)
Stack trace:
#0 /home/lokirew/public_html/AQProject/framework/web/filters/CFilterChain.php(133): AdminController->runAction()
#1 /home/lokirew/public_html/AQProject/framework/web/filters/CFilter.php(40): CFilterChain->run()
#2 /home/lokirew/public_html/AQProject/framework/web/CController.php(1145): CAccessControlFilter->filter()
#3 /home/lokirew/public_html/AQProject/framework/web/filters/CInlineFilter.php(58): AdminController->filterAccessControl()
#4 /home/lokirew/public_html/AQProject/framework/web/filters/CFilterChain.php(130): CInlineFilter->filter()
#5 /home/lokirew/public_html/AQProject/framework/web/CController.php(291): CFilterChain->run()
#6 /home/lokirew/public_html/AQProject/framework/web/CController.php(265): AdminController->runActionWithFilters()
#7 /home/lokirew/public_html/AQProject/framework/web/CWebApplication.php(282): AdminController->run()
#8 /home/lokirew/public_html/AQProject/framework/web/CWebApplication.php(141): CWebApplication->runController()
#9 /home/lokirew/public_html/AQProject/framework/base/CApplication.php(184): CWebApplication->processRequest()
#10 /home/lokirew/public_html/AQProject/index.php(13): CWebApplication->run()
REQUEST_URI=/~lokirew/AQProject/index.php?r=Admin/ChangeId
in /home/lokirew/public_html/AQProject/protected/controllers/AdminController.php (39)
in /home/lokirew/public_html/AQProject/index.php (13)
2015/06/09 02:31:12 [error] [php] Creating default object from empty value (/home/lokirew/public_html/AQProject/protected/controllers/AdminController.php:39)
Stack trace:
#0 /home/lokirew/public_html/AQProject/framework/web/filters/CFilterChain.php(133): AdminController->runAction()
#1 /home/lokirew/public_html/AQProject/framework/web/filters/CFilter.php(40): CFilterChain->run()
#2 /home/lokirew/public_html/AQProject/framework/web/CController.php(1145): CAccessControlFilter->filter()
#3 /home/lokirew/public_html/AQProject/framework/web/filters/CInlineFilter.php(58): AdminController->filterAccessControl()
#4 /home/lokirew/public_html/AQProject/framework/web/filters/CFilterChain.php(130): CInlineFilter->filter()
#5 /home/lokirew/public_html/AQProject/framework/web/CController.php(291): CFilterChain->run()
#6 /home/lokirew/public_html/AQProject/framework/web/CController.php(265): AdminController->runActionWithFilters()
#7 /home/lokirew/public_html/AQProject/framework/web/CWebApplication.php(282): AdminController->run()
#8 /home/lokirew/public_html/AQProject/framework/web/CWebApplication.php(141): CWebApplication->runController()
#9 /home/lokirew/public_html/AQProject/framework/base/CApplication.php(184): CWebApplication->processRequest()
#10 /home/lokirew/public_html/AQProject/index.php(13): CWebApplication->run()
REQUEST_URI=/~lokirew/AQProject/index.php?r=Admin/ChangeId
in /home/lokirew/public_html/AQProject/protected/controllers/AdminController.php (39)
in /home/lokirew/public_html/AQProject/index.php (13)
2015/06/09 02:32:36 [error] [system.db.CDbCommand] Не удалось выполнить CDbCommand::execute(): SQLSTATE[23000]: Integrity constraint violation: 1062 Duplicate entry '0' for key 'AcceptGame'. Выполнявшийся SQL-запрос: INSERT INTO `game` (`AcceptGame`, `NameGame`, `DescriptionGame`, `StartGame`, `Date`, `FinishGame`, `Comment`, `IdTeam`) VALUES (:yp0, :yp1, :yp2, :yp3, :yp4, :yp5, :yp6, :yp7).
in /home/lokirew/public_html/AQProject/protected/controllers/GameController.php (26)
in /home/lokirew/public_html/AQProject/index.php (13)
2015/06/09 02:32:36 [error] [exception.CDbException] exception 'CDbException' with message 'CDbCommand не удалось исполнить SQL-запрос: SQLSTATE[23000]: Integrity constraint violation: 1062 Duplicate entry '0' for key 'AcceptGame'. The SQL statement executed was: INSERT INTO `game` (`AcceptGame`, `NameGame`, `DescriptionGame`, `StartGame`, `Date`, `FinishGame`, `Comment`, `IdTeam`) VALUES (:yp0, :yp1, :yp2, :yp3, :yp4, :yp5, :yp6, :yp7)' in /home/lokirew/public_html/AQProject/framework/db/CDbCommand.php:358
Stack trace:
#0 /home/lokirew/public_html/AQProject/framework/db/ar/CActiveRecord.php(1080): CDbCommand->execute()
#1 /home/lokirew/public_html/AQProject/framework/db/ar/CActiveRecord.php(809): CActiveRecord->insert(NULL)
#2 /home/lokirew/public_html/AQProject/protected/controllers/GameController.php(26): CActiveRecord->save()
#3 /home/lokirew/public_html/AQProject/framework/web/actions/CInlineAction.php(49): GameController->actionCreate()
#4 /home/lokirew/public_html/AQProject/framework/web/CController.php(308): CInlineAction->runWithParams(Array)
#5 /home/lokirew/public_html/AQProject/framework/web/CController.php(286): CController->runAction(Object(CInlineAction))
#6 /home/lokirew/public_html/AQProject/framework/web/CController.php(265): CController->runActionWithFilters(Object(CInlineAction), Array)
#7 /home/lokirew/public_html/AQProject/framework/web/CWebApplication.php(282): CController->run('Create')
#8 /home/lokirew/public_html/AQProject/framework/web/CWebApplication.php(141): CWebApplication->runController('game/Create')
#9 /home/lokirew/public_html/AQProject/framework/base/CApplication.php(184): CWebApplication->processRequest()
#10 /home/lokirew/public_html/AQProject/index.php(13): CApplication->run()
#11 {main}
REQUEST_URI=/~lokirew/AQProject/index.php?r=game/Create
HTTP_REFERER=http://lokirew/~lokirew/AQProject/index.php?r=game/Create
---
2015/06/09 02:35:24 [error] [system.db.CDbCommand] Не удалось выполнить CDbCommand::execute(): SQLSTATE[23000]: Integrity constraint violation: 1062 Duplicate entry '0' for key 'AcceptGame'. Выполнявшийся SQL-запрос: INSERT INTO `game` (`AcceptGame`, `NameGame`, `DescriptionGame`, `Date`, `IdType`, `StartGame`, `FinishGame`, `Comment`, `IdTeam`) VALUES (:yp0, :yp1, :yp2, :yp3, :yp4, :yp5, :yp6, :yp7, :yp8).
in /home/lokirew/public_html/AQProject/protected/controllers/GamecrudController.php (73)
in /home/lokirew/public_html/AQProject/index.php (13)
2015/06/09 02:35:24 [error] [exception.CDbException] exception 'CDbException' with message 'CDbCommand не удалось исполнить SQL-запрос: SQLSTATE[23000]: Integrity constraint violation: 1062 Duplicate entry '0' for key 'AcceptGame'. The SQL statement executed was: INSERT INTO `game` (`AcceptGame`, `NameGame`, `DescriptionGame`, `Date`, `IdType`, `StartGame`, `FinishGame`, `Comment`, `IdTeam`) VALUES (:yp0, :yp1, :yp2, :yp3, :yp4, :yp5, :yp6, :yp7, :yp8)' in /home/lokirew/public_html/AQProject/framework/db/CDbCommand.php:358
Stack trace:
#0 /home/lokirew/public_html/AQProject/framework/db/ar/CActiveRecord.php(1080): CDbCommand->execute()
#1 /home/lokirew/public_html/AQProject/framework/db/ar/CActiveRecord.php(809): CActiveRecord->insert(NULL)
#2 /home/lokirew/public_html/AQProject/protected/controllers/GamecrudController.php(73): CActiveRecord->save()
#3 /home/lokirew/public_html/AQProject/framework/web/actions/CInlineAction.php(49): GamecrudController->actionCreate()
#4 /home/lokirew/public_html/AQProject/framework/web/CController.php(308): CInlineAction->runWithParams(Array)
#5 /home/lokirew/public_html/AQProject/framework/web/filters/CFilterChain.php(133): CController->runAction(Object(CInlineAction))
#6 /home/lokirew/public_html/AQProject/framework/web/filters/CFilter.php(40): CFilterChain->run()
#7 /home/lokirew/public_html/AQProject/framework/web/CController.php(1145): CFilter->filter(Object(CFilterChain))
#8 /home/lokirew/public_html/AQProject/framework/web/filters/CInlineFilter.php(58): CController->filterAccessControl(Object(CFilterChain))
#9 /home/lokirew/public_html/AQProject/framework/web/filters/CFilterChain.php(130): CInlineFilter->filter(Object(CFilterChain))
#10 /home/lokirew/public_html/AQProject/framework/web/CController.php(291): CFilterChain->run()
#11 /home/lokirew/public_html/AQProject/framework/web/CController.php(265): CController->runActionWithFilters(Object(CInlineAction), Array)
#12 /home/lokirew/public_html/AQProject/framework/web/CWebApplication.php(282): CController->run('create')
#13 /home/lokirew/public_html/AQProject/framework/web/CWebApplication.php(141): CWebApplication->runController('gamecrud/create')
#14 /home/lokirew/public_html/AQProject/framework/base/CApplication.php(184): CWebApplication->processRequest()
#15 /home/lokirew/public_html/AQProject/index.php(13): CApplication->run()
#16 {main}
REQUEST_URI=/~lokirew/AQProject/index.php?r=gamecrud/create
HTTP_REFERER=http://lokirew/~lokirew/AQProject/index.php?r=gamecrud/create
---
2015/06/09 02:35:46 [error] [system.db.CDbCommand] Не удалось выполнить CDbCommand::execute(): SQLSTATE[23000]: Integrity constraint violation: 1062 Duplicate entry '1' for key 'AcceptGame'. Выполнявшийся SQL-запрос: INSERT INTO `game` (`AcceptGame`, `NameGame`, `DescriptionGame`, `Date`, `IdType`, `StartGame`, `FinishGame`, `Comment`, `IdTeam`) VALUES (:yp0, :yp1, :yp2, :yp3, :yp4, :yp5, :yp6, :yp7, :yp8).
in /home/lokirew/public_html/AQProject/protected/controllers/GamecrudController.php (73)
in /home/lokirew/public_html/AQProject/index.php (13)
2015/06/09 02:35:46 [error] [exception.CDbException] exception 'CDbException' with message 'CDbCommand не удалось исполнить SQL-запрос: SQLSTATE[23000]: Integrity constraint violation: 1062 Duplicate entry '1' for key 'AcceptGame'. The SQL statement executed was: INSERT INTO `game` (`AcceptGame`, `NameGame`, `DescriptionGame`, `Date`, `IdType`, `StartGame`, `FinishGame`, `Comment`, `IdTeam`) VALUES (:yp0, :yp1, :yp2, :yp3, :yp4, :yp5, :yp6, :yp7, :yp8)' in /home/lokirew/public_html/AQProject/framework/db/CDbCommand.php:358
Stack trace:
#0 /home/lokirew/public_html/AQProject/framework/db/ar/CActiveRecord.php(1080): CDbCommand->execute()
#1 /home/lokirew/public_html/AQProject/framework/db/ar/CActiveRecord.php(809): CActiveRecord->insert(NULL)
#2 /home/lokirew/public_html/AQProject/protected/controllers/GamecrudController.php(73): CActiveRecord->save()
#3 /home/lokirew/public_html/AQProject/framework/web/actions/CInlineAction.php(49): GamecrudController->actionCreate()
#4 /home/lokirew/public_html/AQProject/framework/web/CController.php(308): CInlineAction->runWithParams(Array)
#5 /home/lokirew/public_html/AQProject/framework/web/filters/CFilterChain.php(133): CController->runAction(Object(CInlineAction))
#6 /home/lokirew/public_html/AQProject/framework/web/filters/CFilter.php(40): CFilterChain->run()
#7 /home/lokirew/public_html/AQProject/framework/web/CController.php(1145): CFilter->filter(Object(CFilterChain))
#8 /home/lokirew/public_html/AQProject/framework/web/filters/CInlineFilter.php(58): CController->filterAccessControl(Object(CFilterChain))
#9 /home/lokirew/public_html/AQProject/framework/web/filters/CFilterChain.php(130): CInlineFilter->filter(Object(CFilterChain))
#10 /home/lokirew/public_html/AQProject/framework/web/CController.php(291): CFilterChain->run()
#11 /home/lokirew/public_html/AQProject/framework/web/CController.php(265): CController->runActionWithFilters(Object(CInlineAction), Array)
#12 /home/lokirew/public_html/AQProject/framework/web/CWebApplication.php(282): CController->run('create')
#13 /home/lokirew/public_html/AQProject/framework/web/CWebApplication.php(141): CWebApplication->runController('gamecrud/create')
#14 /home/lokirew/public_html/AQProject/framework/base/CApplication.php(184): CWebApplication->processRequest()
#15 /home/lokirew/public_html/AQProject/index.php(13): CApplication->run()
#16 {main}
REQUEST_URI=/~lokirew/AQProject/index.php?r=gamecrud/create
HTTP_REFERER=http://lokirew/~lokirew/AQProject/index.php?r=gamecrud/create
---
2015/06/09 02:40:45 [warning] [application] Не удалось присвоить небезопасный атрибут "taskname" класса "TaskCreateForm".
in /home/lokirew/public_html/AQProject/protected/controllers/GameController.php (77)
in /home/lokirew/public_html/AQProject/index.php (13)
2015/06/09 02:40:45 [warning] [application] Не удалось присвоить небезопасный атрибут "tip" класса "TaskCreateForm".
in /home/lokirew/public_html/AQProject/protected/controllers/GameController.php (77)
in /home/lokirew/public_html/AQProject/index.php (13)
2015/06/09 02:40:45 [warning] [application] Не удалось присвоить небезопасный атрибут "code" класса "TaskCreateForm".
in /home/lokirew/public_html/AQProject/protected/controllers/GameController.php (77)
in /home/lokirew/public_html/AQProject/index.php (13)
2015/06/09 02:40:55 [error] [php] Creating default object from empty value (/home/lokirew/public_html/AQProject/protected/controllers/AdminController.php:39)
Stack trace:
#0 /home/lokirew/public_html/AQProject/framework/web/filters/CFilterChain.php(133): AdminController->runAction()
#1 /home/lokirew/public_html/AQProject/framework/web/filters/CFilter.php(40): CFilterChain->run()
#2 /home/lokirew/public_html/AQProject/framework/web/CController.php(1145): CAccessControlFilter->filter()
#3 /home/lokirew/public_html/AQProject/framework/web/filters/CInlineFilter.php(58): AdminController->filterAccessControl()
#4 /home/lokirew/public_html/AQProject/framework/web/filters/CFilterChain.php(130): CInlineFilter->filter()
#5 /home/lokirew/public_html/AQProject/framework/web/CController.php(291): CFilterChain->run()
#6 /home/lokirew/public_html/AQProject/framework/web/CController.php(265): AdminController->runActionWithFilters()
#7 /home/lokirew/public_html/AQProject/framework/web/CWebApplication.php(282): AdminController->run()
#8 /home/lokirew/public_html/AQProject/framework/web/CWebApplication.php(141): CWebApplication->runController()
#9 /home/lokirew/public_html/AQProject/framework/base/CApplication.php(184): CWebApplication->processRequest()
#10 /home/lokirew/public_html/AQProject/index.php(13): CWebApplication->run()
REQUEST_URI=/~lokirew/AQProject/index.php?r=Admin/ChangeId
in /home/lokirew/public_html/AQProject/protected/controllers/AdminController.php (39)
in /home/lokirew/public_html/AQProject/index.php (13)
2015/06/09 02:41:18 [warning] [application] Не удалось присвоить небезопасный атрибут "taskname" класса "TaskCreateForm".
in /home/lokirew/public_html/AQProject/protected/controllers/GameController.php (77)
in /home/lokirew/public_html/AQProject/index.php (13)
2015/06/09 02:41:18 [warning] [application] Не удалось присвоить небезопасный атрибут "tip" класса "TaskCreateForm".
in /home/lokirew/public_html/AQProject/protected/controllers/GameController.php (77)
in /home/lokirew/public_html/AQProject/index.php (13)
2015/06/09 02:41:18 [warning] [application] Не удалось присвоить небезопасный атрибут "code" класса "TaskCreateForm".
in /home/lokirew/public_html/AQProject/protected/controllers/GameController.php (77)
in /home/lokirew/public_html/AQProject/index.php (13)
2015/06/09 02:41:25 [error] [php] Creating default object from empty value (/home/lokirew/public_html/AQProject/protected/controllers/AdminController.php:39)
Stack trace:
#0 /home/lokirew/public_html/AQProject/framework/web/filters/CFilterChain.php(133): AdminController->runAction()
#1 /home/lokirew/public_html/AQProject/framework/web/filters/CFilter.php(40): CFilterChain->run()
#2 /home/lokirew/public_html/AQProject/framework/web/CController.php(1145): CAccessControlFilter->filter()
#3 /home/lokirew/public_html/AQProject/framework/web/filters/CInlineFilter.php(58): AdminController->filterAccessControl()
#4 /home/lokirew/public_html/AQProject/framework/web/filters/CFilterChain.php(130): CInlineFilter->filter()
#5 /home/lokirew/public_html/AQProject/framework/web/CController.php(291): CFilterChain->run()
#6 /home/lokirew/public_html/AQProject/framework/web/CController.php(265): AdminController->runActionWithFilters()
#7 /home/lokirew/public_html/AQProject/framework/web/CWebApplication.php(282): AdminController->run()
#8 /home/lokirew/public_html/AQProject/framework/web/CWebApplication.php(141): CWebApplication->runController()
#9 /home/lokirew/public_html/AQProject/framework/base/CApplication.php(184): CWebApplication->processRequest()
#10 /home/lokirew/public_html/AQProject/index.php(13): CWebApplication->run()
REQUEST_URI=/~lokirew/AQProject/index.php?r=Admin/ChangeId
in /home/lokirew/public_html/AQProject/protected/controllers/AdminController.php (39)
in /home/lokirew/public_html/AQProject/index.php (13)
2015/06/09 02:41:51 [error] [php] Creating default object from empty value (/home/lokirew/public_html/AQProject/protected/controllers/AdminController.php:39)
Stack trace:
#0 /home/lokirew/public_html/AQProject/framework/web/filters/CFilterChain.php(133): AdminController->runAction()
#1 /home/lokirew/public_html/AQProject/framework/web/filters/CFilter.php(40): CFilterChain->run()
#2 /home/lokirew/public_html/AQProject/framework/web/CController.php(1145): CAccessControlFilter->filter()
#3 /home/lokirew/public_html/AQProject/framework/web/filters/CInlineFilter.php(58): AdminController->filterAccessControl()
#4 /home/lokirew/public_html/AQProject/framework/web/filters/CFilterChain.php(130): CInlineFilter->filter()
#5 /home/lokirew/public_html/AQProject/framework/web/CController.php(291): CFilterChain->run()
#6 /home/lokirew/public_html/AQProject/framework/web/CController.php(265): AdminController->runActionWithFilters()
#7 /home/lokirew/public_html/AQProject/framework/web/CWebApplication.php(282): AdminController->run()
#8 /home/lokirew/public_html/AQProject/framework/web/CWebApplication.php(141): CWebApplication->runController()
#9 /home/lokirew/public_html/AQProject/framework/base/CApplication.php(184): CWebApplication->processRequest()
#10 /home/lokirew/public_html/AQProject/index.php(13): CWebApplication->run()
REQUEST_URI=/~lokirew/AQProject/index.php?r=Admin/ChangeId
in /home/lokirew/public_html/AQProject/protected/controllers/AdminController.php (39)
in /home/lokirew/public_html/AQProject/index.php (13)
2015/06/09 02:44:13 [error] [php] Creating default object from empty value (/home/lokirew/public_html/AQProject/protected/controllers/AdminController.php:39)
Stack trace:
#0 /home/lokirew/public_html/AQProject/framework/web/filters/CFilterChain.php(133): AdminController->runAction()
#1 /home/lokirew/public_html/AQProject/framework/web/filters/CFilter.php(40): CFilterChain->run()
#2 /home/lokirew/public_html/AQProject/framework/web/CController.php(1145): CAccessControlFilter->filter()
#3 /home/lokirew/public_html/AQProject/framework/web/filters/CInlineFilter.php(58): AdminController->filterAccessControl()
#4 /home/lokirew/public_html/AQProject/framework/web/filters/CFilterChain.php(130): CInlineFilter->filter()
#5 /home/lokirew/public_html/AQProject/framework/web/CController.php(291): CFilterChain->run()
#6 /home/lokirew/public_html/AQProject/framework/web/CController.php(265): AdminController->runActionWithFilters()
#7 /home/lokirew/public_html/AQProject/framework/web/CWebApplication.php(282): AdminController->run()
#8 /home/lokirew/public_html/AQProject/framework/web/CWebApplication.php(141): CWebApplication->runController()
#9 /home/lokirew/public_html/AQProject/framework/base/CApplication.php(184): CWebApplication->processRequest()
#10 /home/lokirew/public_html/AQProject/index.php(13): CWebApplication->run()
REQUEST_URI=/~lokirew/AQProject/index.php?r=Admin/ChangeId
in /home/lokirew/public_html/AQProject/protected/controllers/AdminController.php (39)
in /home/lokirew/public_html/AQProject/index.php (13)
2015/06/09 02:44:58 [error] [php] Creating default object from empty value (/home/lokirew/public_html/AQProject/protected/controllers/AdminController.php:39)
Stack trace:
#0 /home/lokirew/public_html/AQProject/framework/web/filters/CFilterChain.php(133): AdminController->runAction()
#1 /home/lokirew/public_html/AQProject/framework/web/filters/CFilter.php(40): CFilterChain->run()
#2 /home/lokirew/public_html/AQProject/framework/web/CController.php(1145): CAccessControlFilter->filter()
#3 /home/lokirew/public_html/AQProject/framework/web/filters/CInlineFilter.php(58): AdminController->filterAccessControl()
#4 /home/lokirew/public_html/AQProject/framework/web/filters/CFilterChain.php(130): CInlineFilter->filter()
#5 /home/lokirew/public_html/AQProject/framework/web/CController.php(291): CFilterChain->run()
#6 /home/lokirew/public_html/AQProject/framework/web/CController.php(265): AdminController->runActionWithFilters()
#7 /home/lokirew/public_html/AQProject/framework/web/CWebApplication.php(282): AdminController->run()
#8 /home/lokirew/public_html/AQProject/framework/web/CWebApplication.php(141): CWebApplication->runController()
#9 /home/lokirew/public_html/AQProject/framework/base/CApplication.php(184): CWebApplication->processRequest()
#10 /home/lokirew/public_html/AQProject/index.php(13): CWebApplication->run()
REQUEST_URI=/~lokirew/AQProject/index.php?r=Admin/ChangeId
in /home/lokirew/public_html/AQProject/protected/controllers/AdminController.php (39)
in /home/lokirew/public_html/AQProject/index.php (13)
2015/06/09 02:45:36 [error] [php] Creating default object from empty value (/home/lokirew/public_html/AQProject/protected/controllers/AdminController.php:39)
Stack trace:
#0 /home/lokirew/public_html/AQProject/framework/web/filters/CFilterChain.php(133): AdminController->runAction()
#1 /home/lokirew/public_html/AQProject/framework/web/filters/CFilter.php(40): CFilterChain->run()
#2 /home/lokirew/public_html/AQProject/framework/web/CController.php(1145): CAccessControlFilter->filter()
#3 /home/lokirew/public_html/AQProject/framework/web/filters/CInlineFilter.php(58): AdminController->filterAccessControl()
#4 /home/lokirew/public_html/AQProject/framework/web/filters/CFilterChain.php(130): CInlineFilter->filter()
#5 /home/lokirew/public_html/AQProject/framework/web/CController.php(291): CFilterChain->run()
#6 /home/lokirew/public_html/AQProject/framework/web/CController.php(265): AdminController->runActionWithFilters()
#7 /home/lokirew/public_html/AQProject/framework/web/CWebApplication.php(282): AdminController->run()
#8 /home/lokirew/public_html/AQProject/framework/web/CWebApplication.php(141): CWebApplication->runController()
#9 /home/lokirew/public_html/AQProject/framework/base/CApplication.php(184): CWebApplication->processRequest()
#10 /home/lokirew/public_html/AQProject/index.php(13): CWebApplication->run()
REQUEST_URI=/~lokirew/AQProject/index.php?r=Admin/ChangeId
in /home/lokirew/public_html/AQProject/protected/controllers/AdminController.php (39)
in /home/lokirew/public_html/AQProject/index.php (13)
2015/06/09 02:49:46 [error] [php] Creating default object from empty value (/home/lokirew/public_html/AQProject/protected/controllers/AdminController.php:40)
Stack trace:
#0 /home/lokirew/public_html/AQProject/framework/web/filters/CFilterChain.php(133): AdminController->runAction()
#1 /home/lokirew/public_html/AQProject/framework/web/filters/CFilter.php(40): CFilterChain->run()
#2 /home/lokirew/public_html/AQProject/framework/web/CController.php(1145): CAccessControlFilter->filter()
#3 /home/lokirew/public_html/AQProject/framework/web/filters/CInlineFilter.php(58): AdminController->filterAccessControl()
#4 /home/lokirew/public_html/AQProject/framework/web/filters/CFilterChain.php(130): CInlineFilter->filter()
#5 /home/lokirew/public_html/AQProject/framework/web/CController.php(291): CFilterChain->run()
#6 /home/lokirew/public_html/AQProject/framework/web/CController.php(265): AdminController->runActionWithFilters()
#7 /home/lokirew/public_html/AQProject/framework/web/CWebApplication.php(282): AdminController->run()
#8 /home/lokirew/public_html/AQProject/framework/web/CWebApplication.php(141): CWebApplication->runController()
#9 /home/lokirew/public_html/AQProject/framework/base/CApplication.php(184): CWebApplication->processRequest()
#10 /home/lokirew/public_html/AQProject/index.php(13): CWebApplication->run()
REQUEST_URI=/~lokirew/AQProject/index.php?r=Admin/ChangeId
in /home/lokirew/public_html/AQProject/protected/controllers/AdminController.php (40)
in /home/lokirew/public_html/AQProject/index.php (13)
2015/06/09 02:54:12 [error] [php] Creating default object from empty value (/home/lokirew/public_html/AQProject/protected/controllers/AdminController.php:41)
Stack trace:
#0 /home/lokirew/public_html/AQProject/framework/web/filters/CFilterChain.php(133): AdminController->runAction()
#1 /home/lokirew/public_html/AQProject/framework/web/filters/CFilter.php(40): CFilterChain->run()
#2 /home/lokirew/public_html/AQProject/framework/web/CController.php(1145): CAccessControlFilter->filter()
#3 /home/lokirew/public_html/AQProject/framework/web/filters/CInlineFilter.php(58): AdminController->filterAccessControl()
#4 /home/lokirew/public_html/AQProject/framework/web/filters/CFilterChain.php(130): CInlineFilter->filter()
#5 /home/lokirew/public_html/AQProject/framework/web/CController.php(291): CFilterChain->run()
#6 /home/lokirew/public_html/AQProject/framework/web/CController.php(265): AdminController->runActionWithFilters()
#7 /home/lokirew/public_html/AQProject/framework/web/CWebApplication.php(282): AdminController->run()
#8 /home/lokirew/public_html/AQProject/framework/web/CWebApplication.php(141): CWebApplication->runController()
#9 /home/lokirew/public_html/AQProject/framework/base/CApplication.php(184): CWebApplication->processRequest()
#10 /home/lokirew/public_html/AQProject/index.php(13): CWebApplication->run()
REQUEST_URI=/~lokirew/AQProject/index.php?r=Admin/ChangeId
in /home/lokirew/public_html/AQProject/protected/controllers/AdminController.php (41)
in /home/lokirew/public_html/AQProject/index.php (13)
2015/06/09 02:57:42 [error] [php] Creating default object from empty value (/home/lokirew/public_html/AQProject/protected/controllers/AdminController.php:42)
Stack trace:
#0 /home/lokirew/public_html/AQProject/framework/web/filters/CFilterChain.php(133): AdminController->runAction()
#1 /home/lokirew/public_html/AQProject/framework/web/filters/CFilter.php(40): CFilterChain->run()
#2 /home/lokirew/public_html/AQProject/framework/web/CController.php(1145): CAccessControlFilter->filter()
#3 /home/lokirew/public_html/AQProject/framework/web/filters/CInlineFilter.php(58): AdminController->filterAccessControl()
#4 /home/lokirew/public_html/AQProject/framework/web/filters/CFilterChain.php(130): CInlineFilter->filter()
#5 /home/lokirew/public_html/AQProject/framework/web/CController.php(291): CFilterChain->run()
#6 /home/lokirew/public_html/AQProject/framework/web/CController.php(265): AdminController->runActionWithFilters()
#7 /home/lokirew/public_html/AQProject/framework/web/CWebApplication.php(282): AdminController->run()
#8 /home/lokirew/public_html/AQProject/framework/web/CWebApplication.php(141): CWebApplication->runController()
#9 /home/lokirew/public_html/AQProject/framework/base/CApplication.php(184): CWebApplication->processRequest()
#10 /home/lokirew/public_html/AQProject/index.php(13): CWebApplication->run()
REQUEST_URI=/~lokirew/AQProject/index.php?r=Admin/ChangeId
in /home/lokirew/public_html/AQProject/protected/controllers/AdminController.php (42)
in /home/lokirew/public_html/AQProject/index.php (13)
2015/06/09 03:11:58 [error] [php] Invalid argument supplied for foreach() (/home/lokirew/public_html/AQProject/framework/web/helpers/CHtml.php:2524)
Stack trace:
#0 /home/lokirew/public_html/AQProject/framework/web/CBaseController.php(126): require()
#1 /home/lokirew/public_html/AQProject/framework/web/CBaseController.php(95): AdminController->renderInternal()
#2 /home/lokirew/public_html/AQProject/framework/web/CController.php(869): AdminController->renderFile()
#3 /home/lokirew/public_html/AQProject/framework/web/CController.php(782): AdminController->renderPartial()
#4 /home/lokirew/public_html/AQProject/protected/controllers/AdminController.php(32): AdminController->render()
#5 /home/lokirew/public_html/AQProject/framework/web/actions/CInlineAction.php(49): AdminController->actionGamechange()
#6 /home/lokirew/public_html/AQProject/framework/web/CController.php(308): CInlineAction->runWithParams()
#7 /home/lokirew/public_html/AQProject/framework/web/filters/CFilterChain.php(133): AdminController->runAction()
#8 /home/lokirew/public_html/AQProject/framework/web/filters/CFilter.php(40): CFilterChain->run()
#9 /home/lokirew/public_html/AQProject/framework/web/CController.php(1145): CAccessControlFilter->filter()
#10 /home/lokirew/public_html/AQProject/framework/web/filters/CInlineFilter.php(58): AdminController->filterAccessControl()
#11 /home/lokirew/public_html/AQProject/framework/web/filters/CFilterChain.php(130): CInlineFilter->filter()
#12 /home/lokirew/public_html/AQProject/framework/web/CController.php(291): CFilterChain->run()
#13 /home/lokirew/public_html/AQProject/framework/web/CController.php(265): AdminController->runActionWithFilters()
#14 /home/lokirew/public_html/AQProject/framework/web/CWebApplication.php(282): AdminController->run()
#15 /home/lokirew/public_html/AQProject/framework/web/CWebApplication.php(141): CWebApplication->runController()
#16 /home/lokirew/public_html/AQProject/framework/base/CApplication.php(184): CWebApplication->processRequest()
#17 /home/lokirew/public_html/AQProject/index.php(13): CWebApplication->run()
REQUEST_URI=/~lokirew/AQProject/index.php?r=Admin/gamechange
in /home/lokirew/public_html/AQProject/protected/views/admin/gamechange.php (24)
in /home/lokirew/public_html/AQProject/protected/controllers/AdminController.php (32)
in /home/lokirew/public_html/AQProject/index.php (13)
